<?xml version="1.0" encoding="UTF-8"?>
<testsuite xmlns:xsi="http://www.w3.org/2001/XMLSchema-instance" xsi:noNamespaceSchemaLocation="https://maven.apache.org/surefire/maven-surefire-plugin/xsd/surefire-test-report.xsd" name="test.AmazonTest" time="28.351" tests="3" errors="0" skipped="0" failures="0">
  <properties>
[...]
</properties>
  <testcase name="SearchAndClickFirstProduct" classname="test.AmazonTest" time="11.462"/>
  <testcase name="addToCart" classname="test.AmazonTest" time="0.17"/>
  <testcase name="proceedBuy" classname="test.AmazonTest" time="2.469"/>
</testsuite>