<?xml version="1.0" encoding="UTF-8"?>
<!-- Generated by org.testng.reporters.JUnitXMLReporter -->
<testsuite ignored="0" hostname="INL-FCNZG63" failures="0" tests="3" name="Surefire test" time="27.514" errors="0" timestamp="2024-04-08T11:27:23 IST">
  <testcase classname="test.AmazonTest" name="SearchAndClickFirstProduct" time="11.461"/>
  <testcase classname="test.AmazonTest" name="addToCart" time="0.17"/>
  <testcase classname="test.AmazonTest" name="proceedBuy" time="2.47"/>
</testsuite> <!-- Surefire test -->
